<?xml version="1.0" encoding="UTF-8"?>
<!-- Generated by org.testng.reporters.JUnitXMLReporter -->
<testsuite hostname="Janas-MBP.local.tld" ignored="0" name="All Functionalities" tests="6" failures="0" timestamp="2023-02-04T14:16:13 CST" time="175.796" errors="0">
  <testcase name="validatingCarvanaLogo" time="1.314" classname="scripts.CarvanaHeaderTest"/>
  <testcase name="validatingNavigationSection" time="3.182" classname="scripts.CarvanaHeaderTest"/>
  <testcase name="validatingPageTitleUrl" time="6.868" classname="scripts.CarvanaHomepageTest"/>
  <testcase name="validatingSignInErrorMessage" time="3.027" classname="scripts.CarvanaSignInTest"/>
  <testcase name="validatingFilterOptionOnCarSearchPage" time="1.233" classname="scripts.CarvanaSearchCarsTest"/>
  <testcase name="validatingSearchResultTiles" time="7.358" classname="scripts.CarvanaSearchCarsTest"/>
</testsuite> <!-- All Functionalities -->
