<?xml version="1.0" encoding="UTF-8"?>
<!-- Generated by org.testng.reporters.JUnitXMLReporter -->
<testsuite hostname="Janas-MacBook-Pro.local" ignored="0" name="Command line test" tests="6" failures="0" timestamp="2023-02-06T16:57:13 CST" time="192.987" errors="0">
  <testcase name="validatingPageTitleUrl" time="1.464" classname="scripts.CarvanaHomepageTest"/>
  <testcase name="validatingCarvanaLogo" time="9.473" classname="scripts.CarvanaHeaderTest"/>
  <testcase name="validatingNavigationSection" time="1.91" classname="scripts.CarvanaHeaderTest"/>
  <testcase name="validatingSignInErrorMessage" time="9.794" classname="scripts.CarvanaSignInTest"/>
  <testcase name="validatingFilterOptionOnCarSearchPage" time="3.013" classname="scripts.CarvanaSearchCarsTest"/>
  <testcase name="validatingSearchResultTiles" time="16.044" classname="scripts.CarvanaSearchCarsTest"/>
</testsuite> <!-- Command line test -->
