<?xml version="1.0" encoding="UTF-8"?>
<testng-results skipped="0" failed="0" ignored="0" total="6" passed="6">
  <reporter-output>
  </reporter-output>
  <suite name="Command line suite" duration-ms="192987" started-at="2023-02-06T16:54:00 CST" finished-at="2023-02-06T16:57:13 CST">
    <groups>
    </groups>
    <test name="Command line test" duration-ms="192987" started-at="2023-02-06T16:54:00 CST" finished-at="2023-02-06T16:57:13 CST">
      <class name="scripts.CarvanaHeaderTest">
        <test-method status="PASS" signature="setup()[pri:0, instance:scripts.CarvanaHeaderTest@4667ae56]" name="setup" is-config="true" duration-ms="13609" started-at="2023-02-06T16:54:26 CST" finished-at="2023-02-06T16:54:39 CST">
          <reporter-output>
          </reporter-output>
        </test-method> <!-- setup -->
        <test-method status="PASS" signature="validatingCarvanaLogo()[pri:2, instance:scripts.CarvanaHeaderTest@4667ae56]" name="validatingCarvanaLogo" duration-ms="9473" started-at="2023-02-06T16:54:39 CST" description="Validate the Carvana logo" finished-at="2023-02-06T16:54:49 CST">
          <reporter-output>
          </reporter-output>
        </test-method> <!-- validatingCarvanaLogo -->
        <test-method status="PASS" signature="tearDown()[pri:0, instance:scripts.CarvanaHeaderTest@4667ae56]" name="tearDown" is-config="true" duration-ms="359" started-at="2023-02-06T16:54:49 CST" finished-at="2023-02-06T16:54:49 CST">
          <reporter-output>
          </reporter-output>
        </test-method> <!-- tearDown -->
        <test-method status="PASS" signature="setup()[pri:0, instance:scripts.CarvanaHeaderTest@4667ae56]" name="setup" is-config="true" duration-ms="23006" started-at="2023-02-06T16:54:49 CST" finished-at="2023-02-06T16:55:12 CST">
          <reporter-output>
          </reporter-output>
        </test-method> <!-- setup -->
        <test-method status="PASS" signature="validatingNavigationSection()[pri:3, instance:scripts.CarvanaHeaderTest@4667ae56]" name="validatingNavigationSection" duration-ms="1910" started-at="2023-02-06T16:55:12 CST" description="Validate the main navigation section items" finished-at="2023-02-06T16:55:14 CST">
          <reporter-output>
          </reporter-output>
        </test-method> <!-- validatingNavigationSection -->
        <test-method status="PASS" signature="tearDown()[pri:0, instance:scripts.CarvanaHeaderTest@4667ae56]" name="tearDown" is-config="true" duration-ms="146" started-at="2023-02-06T16:55:14 CST" finished-at="2023-02-06T16:55:14 CST">
          <reporter-output>
          </reporter-output>
        </test-method> <!-- tearDown -->
      </class> <!-- scripts.CarvanaHeaderTest -->
      <class name="scripts.CarvanaSearchCarsTest">
        <test-method status="PASS" signature="setup()[pri:0, instance:scripts.CarvanaSearchCarsTest@204f30ec]" name="setup" is-config="true" duration-ms="22612" started-at="2023-02-06T16:55:45 CST" finished-at="2023-02-06T16:56:08 CST">
          <reporter-output>
          </reporter-output>
        </test-method> <!-- setup -->
        <test-method status="PASS" signature="setPage()[pri:0, instance:scripts.CarvanaSearchCarsTest@204f30ec]" name="setPage" is-config="true" duration-ms="12325" started-at="2023-02-06T16:56:08 CST" finished-at="2023-02-06T16:56:20 CST">
          <reporter-output>
          </reporter-output>
        </test-method> <!-- setPage -->
        <test-method status="PASS" signature="validatingFilterOptionOnCarSearchPage()[pri:5, instance:scripts.CarvanaSearchCarsTest@204f30ec]" name="validatingFilterOptionOnCarSearchPage" duration-ms="3013" started-at="2023-02-06T16:56:20 CST" description="Validate the search filter options and search button" finished-at="2023-02-06T16:56:23 CST">
          <reporter-output>
          </reporter-output>
        </test-method> <!-- validatingFilterOptionOnCarSearchPage -->
        <test-method status="PASS" signature="tearDown()[pri:0, instance:scripts.CarvanaSearchCarsTest@204f30ec]" name="tearDown" is-config="true" duration-ms="152" started-at="2023-02-06T16:56:23 CST" finished-at="2023-02-06T16:56:24 CST">
          <reporter-output>
          </reporter-output>
        </test-method> <!-- tearDown -->
        <test-method status="PASS" signature="setup()[pri:0, instance:scripts.CarvanaSearchCarsTest@204f30ec]" name="setup" is-config="true" duration-ms="21697" started-at="2023-02-06T16:56:24 CST" finished-at="2023-02-06T16:56:45 CST">
          <reporter-output>
          </reporter-output>
        </test-method> <!-- setup -->
        <test-method status="PASS" signature="setPage()[pri:0, instance:scripts.CarvanaSearchCarsTest@204f30ec]" name="setPage" is-config="true" duration-ms="11770" started-at="2023-02-06T16:56:45 CST" finished-at="2023-02-06T16:56:57 CST">
          <reporter-output>
          </reporter-output>
        </test-method> <!-- setPage -->
        <test-method status="PASS" signature="validatingSearchResultTiles()[pri:6, instance:scripts.CarvanaSearchCarsTest@204f30ec]" name="validatingSearchResultTiles" duration-ms="16044" started-at="2023-02-06T16:56:57 CST" description="Validate the search result tiles" finished-at="2023-02-06T16:57:13 CST">
          <reporter-output>
          </reporter-output>
        </test-method> <!-- validatingSearchResultTiles -->
        <test-method status="PASS" signature="tearDown()[pri:0, instance:scripts.CarvanaSearchCarsTest@204f30ec]" name="tearDown" is-config="true" duration-ms="162" started-at="2023-02-06T16:57:13 CST" finished-at="2023-02-06T16:57:13 CST">
          <reporter-output>
          </reporter-output>
        </test-method> <!-- tearDown -->
      </class> <!-- scripts.CarvanaSearchCarsTest -->
      <class name="scripts.CarvanaSignInTest">
        <test-method status="PASS" signature="setup()[pri:0, instance:scripts.CarvanaSignInTest@77cd7a0]" name="setup" is-config="true" duration-ms="21016" started-at="2023-02-06T16:55:14 CST" finished-at="2023-02-06T16:55:35 CST">
          <reporter-output>
          </reporter-output>
        </test-method> <!-- setup -->
        <test-method status="PASS" signature="setPage()[pri:0, instance:scripts.CarvanaSignInTest@77cd7a0]" name="setPage" is-config="true" duration-ms="12" started-at="2023-02-06T16:55:35 CST" finished-at="2023-02-06T16:55:35 CST">
          <reporter-output>
          </reporter-output>
        </test-method> <!-- setPage -->
        <test-method status="PASS" signature="validatingSignInErrorMessage()[pri:4, instance:scripts.CarvanaSignInTest@77cd7a0]" name="validatingSignInErrorMessage" duration-ms="9794" started-at="2023-02-06T16:55:35 CST" description="Validate the sign in error message" finished-at="2023-02-06T16:55:45 CST">
          <reporter-output>
          </reporter-output>
        </test-method> <!-- validatingSignInErrorMessage -->
        <test-method status="PASS" signature="tearDown()[pri:0, instance:scripts.CarvanaSignInTest@77cd7a0]" name="tearDown" is-config="true" duration-ms="208" started-at="2023-02-06T16:55:45 CST" finished-at="2023-02-06T16:55:45 CST">
          <reporter-output>
          </reporter-output>
        </test-method> <!-- tearDown -->
      </class> <!-- scripts.CarvanaSignInTest -->
      <class name="scripts.CarvanaHomepageTest">
        <test-method status="PASS" signature="setup()[pri:0, instance:scripts.CarvanaHomepageTest@1a968a59]" name="setup" is-config="true" duration-ms="23698" started-at="2023-02-06T16:54:00 CST" finished-at="2023-02-06T16:54:24 CST">
          <reporter-output>
          </reporter-output>
        </test-method> <!-- setup -->
        <test-method status="PASS" signature="validatingPageTitleUrl()[pri:1, instance:scripts.CarvanaHomepageTest@1a968a59]" name="validatingPageTitleUrl" duration-ms="1464" started-at="2023-02-06T16:54:24 CST" description="Validate Carvana home page title and url" finished-at="2023-02-06T16:54:25 CST">
          <reporter-output>
          </reporter-output>
        </test-method> <!-- validatingPageTitleUrl -->
        <test-method status="PASS" signature="tearDown()[pri:0, instance:scripts.CarvanaHomepageTest@1a968a59]" name="tearDown" is-config="true" duration-ms="420" started-at="2023-02-06T16:54:25 CST" finished-at="2023-02-06T16:54:26 CST">
          <reporter-output>
          </reporter-output>
        </test-method> <!-- tearDown -->
      </class> <!-- scripts.CarvanaHomepageTest -->
    </test> <!-- Command line test -->
  </suite> <!-- Command line suite -->
</testng-results>
